<?xml version="1.0" encoding="UTF-8"?>
<!-- Generated by org.testng.reporters.JUnitXMLReporter -->
<testsuite ignored="0" hostname="zeldris" failures="0" tests="7" name="Default test" time="24.28" errors="0" timestamp="2022-02-04T10:22:41 WIB">
  <testcase classname="jokowaskito.test.axiata.digital.labs.glue.StepDefinition" name="InitializeObject" time="5.839"/>
  <testcase classname="jokowaskito.test.axiata.digital.labs.glue.StepDefinition" name="Home_Page" time="2.183"/>
  <testcase classname="jokowaskito.test.axiata.digital.labs.glue.StepDefinition" name="SignIn_Page" time="3.17"/>
  <testcase classname="jokowaskito.test.axiata.digital.labs.glue.StepDefinition" name="Add_Gists" time="3.188"/>
  <testcase classname="jokowaskito.test.axiata.digital.labs.glue.StepDefinition" name="Delete_Gists" time="3.233"/>
  <testcase classname="jokowaskito.test.axiata.digital.labs.glue.StepDefinition" name="Edit_Gists" time="3.177"/>
  <testcase classname="jokowaskito.test.axiata.digital.labs.glue.StepDefinition" name="Logout" time="2.913"/>
</testsuite> <!-- Default test -->
