<?xml version="1.0" encoding="UTF-8"?>
<testng-results ignored="0" total="7" passed="7" failed="0" skipped="0">
  <reporter-output>
  </reporter-output>
  <suite started-at="2022-02-04T10:22:17 WIB" name="Default suite" finished-at="2022-02-04T10:22:41 WIB" duration-ms="24280">
    <groups>
    </groups>
    <test started-at="2022-02-04T10:22:17 WIB" name="Default test" finished-at="2022-02-04T10:22:41 WIB" duration-ms="24280">
      <class name="jokowaskito.test.axiata.digital.labs.glue.StepDefinition">
        <test-method is-config="true" signature="springTestContextBeforeTestClass()[pri:0, instance:jokowaskito.test.axiata.digital.labs.glue.StepDefinition@31edaa7d]" started-at="2022-02-04T10:22:17 WIB" name="springTestContextBeforeTestClass" finished-at="2022-02-04T10:22:17 WIB" duration-ms="13" status="PASS">
          <reporter-output>
          </reporter-output>
        </test-method> <!-- springTestContextBeforeTestClass -->
        <test-method is-config="true" signature="springTestContextPrepareTestInstance()[pri:0, instance:jokowaskito.test.axiata.digital.labs.glue.StepDefinition@31edaa7d]" started-at="2022-02-04T10:22:17 WIB" name="springTestContextPrepareTestInstance" finished-at="2022-02-04T10:22:17 WIB" depends-on-methods="org.springframework.test.context.testng.AbstractTestNGSpringContextTests.springTestContextBeforeTestClass" duration-ms="472" status="PASS">
          <reporter-output>
          </reporter-output>
        </test-method> <!-- springTestContextPrepareTestInstance -->
        <test-method is-config="true" signature="springTestContextBeforeTestMethod(java.lang.reflect.Method)[pri:0, instance:jokowaskito.test.axiata.digital.labs.glue.StepDefinition@31edaa7d]" started-at="2022-02-04T10:22:17 WIB" name="springTestContextBeforeTestMethod" finished-at="2022-02-04T10:22:17 WIB" duration-ms="4" status="PASS">
          <params>
            <param index="0">
              <value>
                <![CDATA[public void jokowaskito.test.axiata.digital.labs.glue.StepDefinition.InitializeObject()]]>
              </value>
            </param>
          </params>
          <reporter-output>
          </reporter-output>
        </test-method> <!-- springTestContextBeforeTestMethod -->
        <test-method signature="InitializeObject()[pri:0, instance:jokowaskito.test.axiata.digital.labs.glue.StepDefinition@31edaa7d]" started-at="2022-02-04T10:22:17 WIB" name="InitializeObject" finished-at="2022-02-04T10:22:23 WIB" duration-ms="5839" status="PASS">
          <reporter-output>
          </reporter-output>
        </test-method> <!-- InitializeObject -->
        <test-method is-config="true" signature="springTestContextAfterTestMethod(java.lang.reflect.Method)[pri:0, instance:jokowaskito.test.axiata.digital.labs.glue.StepDefinition@31edaa7d]" started-at="2022-02-04T10:22:23 WIB" name="springTestContextAfterTestMethod" finished-at="2022-02-04T10:22:23 WIB" duration-ms="2" status="PASS">
          <params>
            <param index="0">
              <value>
                <![CDATA[public void jokowaskito.test.axiata.digital.labs.glue.StepDefinition.InitializeObject()]]>
              </value>
            </param>
          </params>
          <reporter-output>
          </reporter-output>
        </test-method> <!-- springTestContextAfterTestMethod -->
        <test-method is-config="true" signature="springTestContextBeforeTestMethod(java.lang.reflect.Method)[pri:0, instance:jokowaskito.test.axiata.digital.labs.glue.StepDefinition@31edaa7d]" started-at="2022-02-04T10:22:23 WIB" name="springTestContextBeforeTestMethod" finished-at="2022-02-04T10:22:23 WIB" duration-ms="1" status="PASS">
          <params>
            <param index="0">
              <value>
                <![CDATA[public void jokowaskito.test.axiata.digital.labs.glue.StepDefinition.Home_Page()]]>
              </value>
            </param>
          </params>
          <reporter-output>
          </reporter-output>
        </test-method> <!-- springTestContextBeforeTestMethod -->
        <test-method signature="Home_Page()[pri:1, instance:jokowaskito.test.axiata.digital.labs.glue.StepDefinition@31edaa7d]" started-at="2022-02-04T10:22:23 WIB" name="Home_Page" finished-at="2022-02-04T10:22:25 WIB" duration-ms="2183" status="PASS">
          <reporter-output>
          </reporter-output>
        </test-method> <!-- Home_Page -->
        <test-method is-config="true" signature="springTestContextAfterTestMethod(java.lang.reflect.Method)[pri:0, instance:jokowaskito.test.axiata.digital.labs.glue.StepDefinition@31edaa7d]" started-at="2022-02-04T10:22:25 WIB" name="springTestContextAfterTestMethod" finished-at="2022-02-04T10:22:25 WIB" duration-ms="1" status="PASS">
          <params>
            <param index="0">
              <value>
                <![CDATA[public void jokowaskito.test.axiata.digital.labs.glue.StepDefinition.Home_Page()]]>
              </value>
            </param>
          </params>
          <reporter-output>
          </reporter-output>
        </test-method> <!-- springTestContextAfterTestMethod -->
        <test-method is-config="true" signature="springTestContextBeforeTestMethod(java.lang.reflect.Method)[pri:0, instance:jokowaskito.test.axiata.digital.labs.glue.StepDefinition@31edaa7d]" started-at="2022-02-04T10:22:25 WIB" name="springTestContextBeforeTestMethod" finished-at="2022-02-04T10:22:25 WIB" duration-ms="0" status="PASS">
          <params>
            <param index="0">
              <value>
                <![CDATA[public void jokowaskito.test.axiata.digital.labs.glue.StepDefinition.SignIn_Page()]]>
              </value>
            </param>
          </params>
          <reporter-output>
          </reporter-output>
        </test-method> <!-- springTestContextBeforeTestMethod -->
        <test-method signature="SignIn_Page()[pri:2, instance:jokowaskito.test.axiata.digital.labs.glue.StepDefinition@31edaa7d]" started-at="2022-02-04T10:22:25 WIB" name="SignIn_Page" finished-at="2022-02-04T10:22:29 WIB" duration-ms="3170" status="PASS">
          <reporter-output>
          </reporter-output>
        </test-method> <!-- SignIn_Page -->
        <test-method is-config="true" signature="springTestContextAfterTestMethod(java.lang.reflect.Method)[pri:0, instance:jokowaskito.test.axiata.digital.labs.glue.StepDefinition@31edaa7d]" started-at="2022-02-04T10:22:29 WIB" name="springTestContextAfterTestMethod" finished-at="2022-02-04T10:22:29 WIB" duration-ms="0" status="PASS">
          <params>
            <param index="0">
              <value>
                <![CDATA[public void jokowaskito.test.axiata.digital.labs.glue.StepDefinition.SignIn_Page()]]>
              </value>
            </param>
          </params>
          <reporter-output>
          </reporter-output>
        </test-method> <!-- springTestContextAfterTestMethod -->
        <test-method is-config="true" signature="springTestContextBeforeTestMethod(java.lang.reflect.Method)[pri:0, instance:jokowaskito.test.axiata.digital.labs.glue.StepDefinition@31edaa7d]" started-at="2022-02-04T10:22:29 WIB" name="springTestContextBeforeTestMethod" finished-at="2022-02-04T10:22:29 WIB" duration-ms="1" status="PASS">
          <params>
            <param index="0">
              <value>
                <![CDATA[public void jokowaskito.test.axiata.digital.labs.glue.StepDefinition.Add_Gists()]]>
              </value>
            </param>
          </params>
          <reporter-output>
          </reporter-output>
        </test-method> <!-- springTestContextBeforeTestMethod -->
        <test-method signature="Add_Gists()[pri:3, instance:jokowaskito.test.axiata.digital.labs.glue.StepDefinition@31edaa7d]" started-at="2022-02-04T10:22:29 WIB" name="Add_Gists" finished-at="2022-02-04T10:22:32 WIB" duration-ms="3188" status="PASS">
          <reporter-output>
          </reporter-output>
        </test-method> <!-- Add_Gists -->
        <test-method is-config="true" signature="springTestContextAfterTestMethod(java.lang.reflect.Method)[pri:0, instance:jokowaskito.test.axiata.digital.labs.glue.StepDefinition@31edaa7d]" started-at="2022-02-04T10:22:32 WIB" name="springTestContextAfterTestMethod" finished-at="2022-02-04T10:22:32 WIB" duration-ms="1" status="PASS">
          <params>
            <param index="0">
              <value>
                <![CDATA[public void jokowaskito.test.axiata.digital.labs.glue.StepDefinition.Add_Gists()]]>
              </value>
            </param>
          </params>
          <reporter-output>
          </reporter-output>
        </test-method> <!-- springTestContextAfterTestMethod -->
        <test-method is-config="true" signature="springTestContextBeforeTestMethod(java.lang.reflect.Method)[pri:0, instance:jokowaskito.test.axiata.digital.labs.glue.StepDefinition@31edaa7d]" started-at="2022-02-04T10:22:32 WIB" name="springTestContextBeforeTestMethod" finished-at="2022-02-04T10:22:32 WIB" duration-ms="1" status="PASS">
          <params>
            <param index="0">
              <value>
                <![CDATA[public void jokowaskito.test.axiata.digital.labs.glue.StepDefinition.Delete_Gists()]]>
              </value>
            </param>
          </params>
          <reporter-output>
          </reporter-output>
        </test-method> <!-- springTestContextBeforeTestMethod -->
        <test-method signature="Delete_Gists()[pri:4, instance:jokowaskito.test.axiata.digital.labs.glue.StepDefinition@31edaa7d]" started-at="2022-02-04T10:22:32 WIB" name="Delete_Gists" finished-at="2022-02-04T10:22:35 WIB" duration-ms="3233" status="PASS">
          <reporter-output>
          </reporter-output>
        </test-method> <!-- Delete_Gists -->
        <test-method is-config="true" signature="springTestContextAfterTestMethod(java.lang.reflect.Method)[pri:0, instance:jokowaskito.test.axiata.digital.labs.glue.StepDefinition@31edaa7d]" started-at="2022-02-04T10:22:35 WIB" name="springTestContextAfterTestMethod" finished-at="2022-02-04T10:22:35 WIB" duration-ms="1" status="PASS">
          <params>
            <param index="0">
              <value>
                <![CDATA[public void jokowaskito.test.axiata.digital.labs.glue.StepDefinition.Delete_Gists()]]>
              </value>
            </param>
          </params>
          <reporter-output>
          </reporter-output>
        </test-method> <!-- springTestContextAfterTestMethod -->
        <test-method is-config="true" signature="springTestContextBeforeTestMethod(java.lang.reflect.Method)[pri:0, instance:jokowaskito.test.axiata.digital.labs.glue.StepDefinition@31edaa7d]" started-at="2022-02-04T10:22:35 WIB" name="springTestContextBeforeTestMethod" finished-at="2022-02-04T10:22:35 WIB" duration-ms="1" status="PASS">
          <params>
            <param index="0">
              <value>
                <![CDATA[public void jokowaskito.test.axiata.digital.labs.glue.StepDefinition.Edit_Gists()]]>
              </value>
            </param>
          </params>
          <reporter-output>
          </reporter-output>
        </test-method> <!-- springTestContextBeforeTestMethod -->
        <test-method signature="Edit_Gists()[pri:5, instance:jokowaskito.test.axiata.digital.labs.glue.StepDefinition@31edaa7d]" started-at="2022-02-04T10:22:35 WIB" name="Edit_Gists" finished-at="2022-02-04T10:22:38 WIB" duration-ms="3177" status="PASS">
          <reporter-output>
          </reporter-output>
        </test-method> <!-- Edit_Gists -->
        <test-method is-config="true" signature="springTestContextAfterTestMethod(java.lang.reflect.Method)[pri:0, instance:jokowaskito.test.axiata.digital.labs.glue.StepDefinition@31edaa7d]" started-at="2022-02-04T10:22:38 WIB" name="springTestContextAfterTestMethod" finished-at="2022-02-04T10:22:38 WIB" duration-ms="1" status="PASS">
          <params>
            <param index="0">
              <value>
                <![CDATA[public void jokowaskito.test.axiata.digital.labs.glue.StepDefinition.Edit_Gists()]]>
              </value>
            </param>
          </params>
          <reporter-output>
          </reporter-output>
        </test-method> <!-- springTestContextAfterTestMethod -->
        <test-method signature="Logout()[pri:6, instance:jokowaskito.test.axiata.digital.labs.glue.StepDefinition@31edaa7d]" started-at="2022-02-04T10:22:38 WIB" name="Logout" finished-at="2022-02-04T10:22:41 WIB" duration-ms="2913" status="PASS">
          <reporter-output>
          </reporter-output>
        </test-method> <!-- Logout -->
        <test-method is-config="true" signature="springTestContextBeforeTestMethod(java.lang.reflect.Method)[pri:0, instance:jokowaskito.test.axiata.digital.labs.glue.StepDefinition@31edaa7d]" started-at="2022-02-04T10:22:38 WIB" name="springTestContextBeforeTestMethod" finished-at="2022-02-04T10:22:38 WIB" duration-ms="0" status="PASS">
          <params>
            <param index="0">
              <value>
                <![CDATA[public void jokowaskito.test.axiata.digital.labs.glue.StepDefinition.Logout()]]>
              </value>
            </param>
          </params>
          <reporter-output>
          </reporter-output>
        </test-method> <!-- springTestContextBeforeTestMethod -->
        <test-method is-config="true" signature="springTestContextAfterTestMethod(java.lang.reflect.Method)[pri:0, instance:jokowaskito.test.axiata.digital.labs.glue.StepDefinition@31edaa7d]" started-at="2022-02-04T10:22:41 WIB" name="springTestContextAfterTestMethod" finished-at="2022-02-04T10:22:41 WIB" duration-ms="3" status="PASS">
          <params>
            <param index="0">
              <value>
                <![CDATA[public void jokowaskito.test.axiata.digital.labs.glue.StepDefinition.Logout()]]>
              </value>
            </param>
          </params>
          <reporter-output>
          </reporter-output>
        </test-method> <!-- springTestContextAfterTestMethod -->
        <test-method is-config="true" signature="springTestContextAfterTestClass()[pri:0, instance:jokowaskito.test.axiata.digital.labs.glue.StepDefinition@31edaa7d]" started-at="2022-02-04T10:22:41 WIB" name="springTestContextAfterTestClass" finished-at="2022-02-04T10:22:41 WIB" duration-ms="2" status="PASS">
          <reporter-output>
          </reporter-output>
        </test-method> <!-- springTestContextAfterTestClass -->
      </class> <!-- jokowaskito.test.axiata.digital.labs.glue.StepDefinition -->
    </test> <!-- Default test -->
  </suite> <!-- Default suite -->
</testng-results>
